<?xml version="1.0" encoding="UTF-8"?>
<!-- Generated by org.testng.reporters.JUnitXMLReporter -->
<testsuite hostname="DESKTOP-5VKP832" ignored="0" name="Default test" tests="4" failures="0" timestamp="2021-03-16T23:08:16 EDT" time="3.586" errors="0">
  <testcase name="validatePostRequest" time="2.821" classname="com.empDashbord.EmpDashbordTesting"/>
  <testcase name="validatePutRequest" time="0.254" classname="com.empDashbord.EmpDashbordTesting"/>
  <testcase name="validateGetRequest" time="0.25" classname="com.empDashbord.EmpDashbordTesting"/>
  <testcase name="validateDeleteRequest" time="0.204" classname="com.empDashbord.EmpDashbordTesting"/>
</testsuite> <!-- Default test -->
