<?xml version="1.0" encoding="UTF-8"?>
<testng-results skipped="0" failed="0" ignored="0" total="4" passed="4">
  <reporter-output>
  </reporter-output>
  <suite name="Default suite" duration-ms="3586" started-at="2021-03-16T23:08:12 EDT" finished-at="2021-03-16T23:08:16 EDT">
    <groups>
    </groups>
    <test name="Default test" duration-ms="3586" started-at="2021-03-16T23:08:12 EDT" finished-at="2021-03-16T23:08:16 EDT">
      <class name="com.empDashbord.EmpDashbordTesting">
        <test-method status="PASS" signature="validatePostRequest()[pri:1, instance:com.empDashbord.EmpDashbordTesting@3d99d22e]" name="validatePostRequest" duration-ms="2821" started-at="2021-03-16T23:08:12 EDT" finished-at="2021-03-16T23:08:15 EDT">
          <reporter-output>
          </reporter-output>
        </test-method> <!-- validatePostRequest -->
        <test-method status="PASS" signature="validatePutRequest()[pri:2, instance:com.empDashbord.EmpDashbordTesting@3d99d22e]" name="validatePutRequest" duration-ms="254" started-at="2021-03-16T23:08:15 EDT" finished-at="2021-03-16T23:08:15 EDT">
          <reporter-output>
          </reporter-output>
        </test-method> <!-- validatePutRequest -->
        <test-method status="PASS" signature="validateGetRequest()[pri:3, instance:com.empDashbord.EmpDashbordTesting@3d99d22e]" name="validateGetRequest" duration-ms="250" started-at="2021-03-16T23:08:15 EDT" finished-at="2021-03-16T23:08:16 EDT">
          <reporter-output>
          </reporter-output>
        </test-method> <!-- validateGetRequest -->
        <test-method status="PASS" signature="validateDeleteRequest()[pri:4, instance:com.empDashbord.EmpDashbordTesting@3d99d22e]" name="validateDeleteRequest" duration-ms="204" started-at="2021-03-16T23:08:16 EDT" finished-at="2021-03-16T23:08:16 EDT">
          <reporter-output>
          </reporter-output>
        </test-method> <!-- validateDeleteRequest -->
      </class> <!-- com.empDashbord.EmpDashbordTesting -->
    </test> <!-- Default test -->
  </suite> <!-- Default suite -->
</testng-results>
